0
0
0
0
0
765.432
765.432
765.432
876.543
123.45299999999999
1.23453E2
999.996
999.996
0.0811111
8.11111E-2
0.0111111
1.11111E-2
0.0922222
9.22222E-2
0.0922222
9.22222E-2
-57.999900000000004
5.79999E1
-0.111111
-58.111011000000005
5.81110E1
-58.111011000000005
5.81110E1
1111111
1.11111E6
1111111
1.11111E6
2222222
2.22222E6
2222222
2.22222E6
6.54321
1.2345599999999999
1.23456E0
7777770.000000001
7.77777E6
7.77777
0.0000000006543210000000001
6.54321E-10
0.000000000123456
1.23456E-10
0.0000000007777770000000001
7.77777E-10
0.0000000007777770000000001
7.77777E-10
-0.0000000000000000000654321
6.54321E-20
-0.000000000000000000012345599999999999
1.23456E-20
-0.0000000000000000000777777
7.77777E-20
-0.0000000000000000000777777
7.77777E-20
0.000000000000000000000000000006543210000000002
6.54321E-30
0.0000000000000000000000000000012345600000000001
1.23456E-30
0.000000000000000000000000000007777770000000002
7.77777E-30
0.000000000000000000000000000007777770000000002
7.77777E-30
0.00000000000000000000000000000000000006543209999999999
6.54321E-38
0.0000000000000000000000000000000000000123456
1.23456E-38
0.00000000000000000000000000000000000007777769999999999
7.77777E-38
0.00000000000000000000000000000000000007777769999999999
7.77777E-38
12345600000
1.23456E10
65432100000.00001
6.54321E10
77777700000
7.77777E10
77777700000
7.77777E10
-123456000000000000000
1.23456E20
-654321000000000100000
6.54321E20
-777777000000000100000
7.77777E20
-777777000000000100000
7.77777E20
1234559999999999900000000000000
1.23456E30
6543210000000001000000000000000
6.54321E30
7777770000000000000000000000000
7.77777E30
7777770000000001000000000000000
7.77777E30
12345600000000000000000000000000000000
1.23456E37
65432100000000000000000000000000000000
6.54321E37
77777700000000010000000000000000000000
7.77777E37
77777700000000000000000000000000000000
7.77777E37
0.04999970000000001
4.99997E-2
0.049999600000000005
4.99996E-2
0.09999930000000001
9.99993E-2
0.09999930000000001
9.99993E-2
0.09999930000000001
9.99993E-2
0.0000004
4.00000E-7
0.09999970000000001
9.99997E-2
0.09999970000000001
9.99997E-2
0.09999930000000001
9.99993E-2
0.00000004
4.00000E-8
0.09999934
9.99993E-2
0.09999934000000002
9.99993E-2
0.09999930000000001
9.99993E-2
0.000000004
4.00000E-9
0.09999930400000001
9.99993E-2
0.09999930400000001
9.99993E-2
0.09999930000000001
9.99993E-2
0.00000000040000000000000007
4.00000E-10
0.0999993004
9.99993E-2
0.09999930040000002
9.99993E-2
0.09999930000000001
9.99993E-2
0.000000000040000000000000004
4.00000E-11
0.09999930000000001
9.99993E-2
0.09999930004000002
9.99993E-2
-1020303.9999999999
1.02030E6
4
-1020300
1.02030E6
-1020299.9999999999
1.02030E6
1020303.9999999999
1.02030E6
-304
1019999.9999999999
1.02000E6
1019999.9999999999
1.02000E6
-1020303.9999999999
1.02030E6
20304
-1000000
1.00000E6
-999999.9999999999
1.00000E6
-1020303.9999999999
1.02030E6
1020303.9999999999
1.02030E6
0
0
-0.1020304
1.02030E-1
0.0000004
4.00000E-7
-0.10203
-0.10203
0.1020304
1.02030E-1
-0.0000304
3.04000E-5
0.102
0.102
-0.1020304
1.02030E-1
0.0020304
2.03040E-3
-0.1
-0.09999999999999999
1.00000E-1
-0.1020304
1.02030E-1
0.1020304
1.02030E-1
0
0
-0.1020304
1.02030E-1
0.1020303
1.02030E-1
-0.0000001
1.00000E-7
-0.00000009999999998899778
1.00000E-7
-0.1020304
1.02030E-1
0.1020305
1.02030E-1
0.0000001
1.00000E-7
0.00000010000000000287557
1.00000E-7
PROGRAM FILE 39: ACCURACY OF ADDITION
    ANSI STANDARD 7.2, 7.4, 7.6

*** NOTE: THIS PROGRAM MAKES USE OF 'READ' AND 'DATA'
    WHICH HAVE NOT YET BEEN TESTED. IF SUBSEQUENT TESTS SHOW
    THESE FEATURES TO BE INCORRECTLY IMPLEMENTED, THEN THE
    VALIDITY OF THE RESULTS OF THIS TEST ROUTINE IS DOUBTFUL.

SECTION 39.1 ACCURACY OF ADDITION.

THIS SECTION TESTS THE ACCURACY OF ADDITION. THE COMPUTED
RESULT IS COMPARED WITH A RANGE ESTABLISHED BY PERTURBING
EACH OPERAND BY 1 IN ITS 6TH DIGIT. THE RESULT PASSES IF
IT FALLS WITHIN THE EXTREME VALUES GENERATED BY THIS
PERTURBATION (ACCURATE TO SIX DIGITS).

THIS TEST IS INFORMATIVE ONLY, SINCE THE ANSI STANDARD
DOES NOT MANDATE ANY ACCURACY FOR NUMERIC EXPRESSIONS.

              BEGIN TEST

FIRST         SECOND        TRUE          COMPUTED      TEST
OPERAND       OPERAND       VALUE         VALUE         RESULT

 0             0             0             0            PASS
 0             765.432       765.432       765.432      PASS
 876.543       123.453       999.996       999.996      PASS
 8.11111E-2    1.11111E-2    9.22222E-2    9.22222E-2   PASS
-57.9999      -.111111      -58.111       -58.111       PASS
 1.11111E+6    1.11111E+6    2.22222E+6    2.22222E+6   PASS
 6.54321       1.23456       7.77777E+6    7.77777      PASS
 6.54321E-10   1.23456E-10   7.77777E-10   7.77777E-10  PASS
-6.54321E-20  -1.23456E-20  -7.77777E-20  -7.77777E-20  PASS
 6.54321E-30   1.23456E-30   7.77777E-30   7.77777E-30  PASS
 6.54321E-38   1.23456E-38   7.77777E-38   7.77777E-38  PASS
 1.23456E+10   6.54321E+10   7.77777E+10   7.77777E+10  PASS
-1.23456E+20  -6.54321E+20  -7.77777E+20  -7.77777E+20  PASS
 1.23456E+30   6.54321E+30   7.77777E+30   7.77777E+30  PASS
 1.23456E+37   6.54321E+37   7.77777E+37   7.77777E+37  PASS
 4.99997E-2    4.99996E-2    9.99993E-2    9.99993E-2   PASS
 9.99993E-2    4.E-7         9.99997E-2    9.99997E-2   PASS
 9.99993E-2    4.E-8         9.99993E-2    9.99993E-2   PASS
 9.99993E-2    4.E-9         9.99993E-2    9.99993E-2   PASS
 9.99993E-2    4.E-10        9.99993E-2    9.99993E-2   PASS
 9.99993E-2    4.E-11        9.99993E-2    9.99993E-2   PASS
-1.0203E+6     4            -1.0203E+6    -1.0203E+6    PASS
 1.0203E+6    -304           1.02E+6       1.02E+6      PASS
-1.0203E+6     20304        -1.E+6        -1.E+6        PASS
-1.0203E+6     1.0203E+6     0             0            PASS
-.10203        4.E-7        -.10203       -.10203       PASS
 .10203       -3.04E-5       .102          .102         PASS
-.10203        2.0304E-3    -.1           -.1           PASS
-.10203        .10203        0             0            PASS
-.10203        .10203       -1.E-7        -1.E-7        PASS
-.10203        .10203        1.E-7         1.E-7        PASS

*** INFORMATIVE TEST PASSED ***

               END TEST

END PROGRAM 39

